<?xml version="1.0" encoding="UTF-8"?>
<dataset>
    <sequences sequence_id="W10" current_value="0" />
    <sequences sequence_id="X34" current_value="2" />
</dataset>
